2024-06-09T15:21:57.529+02:00  INFO 10668 --- [classmate] [main] c.i.classmate.ClassmateApplication       : Starting ClassmateApplication using Java 17.0.9 with PID 10668 (C:\Users\ralel\Desktop\bootcamp\5Backend\classmate\target\classes started by Rale in C:\Users\ralel\Desktop\bootcamp\5Backend\classmate)
2024-06-09T15:21:57.538+02:00  INFO 10668 --- [classmate] [main] c.i.classmate.ClassmateApplication       : No active profile set, falling back to 1 default profile: "default"
2024-06-09T15:22:04.217+02:00  INFO 10668 --- [classmate] [main] .s.d.r.c.RepositoryConfigurationDelegate : Bootstrapping Spring Data JPA repositories in DEFAULT mode.
2024-06-09T15:22:04.579+02:00  INFO 10668 --- [classmate] [main] .s.d.r.c.RepositoryConfigurationDelegate : Finished Spring Data repository scanning in 249 ms. Found 13 JPA repository interfaces.
2024-06-09T15:22:07.209+02:00  INFO 10668 --- [classmate] [main] o.s.b.w.embedded.tomcat.TomcatWebServer  : Tomcat initialized with port 8080 (http)
2024-06-09T15:22:07.306+02:00  INFO 10668 --- [classmate] [main] o.apache.catalina.core.StandardService   : Starting service [Tomcat]
2024-06-09T15:22:07.306+02:00  INFO 10668 --- [classmate] [main] o.apache.catalina.core.StandardEngine    : Starting Servlet engine: [Apache Tomcat/10.1.19]
2024-06-09T15:22:07.589+02:00  INFO 10668 --- [classmate] [main] o.a.c.c.C.[Tomcat].[localhost].[/]       : Initializing Spring embedded WebApplicationContext
2024-06-09T15:22:07.590+02:00  INFO 10668 --- [classmate] [main] w.s.c.ServletWebServerApplicationContext : Root WebApplicationContext: initialization completed in 9940 ms
2024-06-09T15:22:08.112+02:00  INFO 10668 --- [classmate] [main] com.zaxxer.hikari.HikariDataSource       : HikariPool-1 - Starting...
2024-06-09T15:22:08.873+02:00  INFO 10668 --- [classmate] [main] com.zaxxer.hikari.pool.HikariPool        : HikariPool-1 - Added connection com.mysql.cj.jdbc.ConnectionImpl@69f080ad
2024-06-09T15:22:08.877+02:00  INFO 10668 --- [classmate] [main] com.zaxxer.hikari.HikariDataSource       : HikariPool-1 - Start completed.
2024-06-09T15:22:12.720+02:00  INFO 10668 --- [classmate] [main] o.s.o.j.p.SpringPersistenceUnitInfo      : No LoadTimeWeaver setup: ignoring JPA class transformer
2024-06-09T15:22:21.886+02:00  INFO 10668 --- [classmate] [main] j.LocalContainerEntityManagerFactoryBean : Initialized JPA EntityManagerFactory for persistence unit 'default'
2024-06-09T15:22:24.371+02:00  WARN 10668 --- [classmate] [main] JpaBaseConfiguration$JpaWebConfiguration : spring.jpa.open-in-view is enabled by default. Therefore, database queries may be performed during view rendering. Explicitly configure spring.jpa.open-in-view to disable this warning
2024-06-09T15:22:26.901+02:00  INFO 10668 --- [classmate] [main] o.s.b.w.embedded.tomcat.TomcatWebServer  : Tomcat started on port 8080 (http) with context path ''
2024-06-09T15:22:26.932+02:00  INFO 10668 --- [classmate] [main] c.i.classmate.ClassmateApplication       : Started ClassmateApplication in 30.538 seconds (process running for 32.441)
2024-06-09T15:25:45.949+02:00  INFO 10668 --- [classmate] [http-nio-8080-exec-1] o.a.c.c.C.[Tomcat].[localhost].[/]       : Initializing Spring DispatcherServlet 'dispatcherServlet'
2024-06-09T15:25:45.950+02:00  INFO 10668 --- [classmate] [http-nio-8080-exec-1] o.s.web.servlet.DispatcherServlet        : Initializing Servlet 'dispatcherServlet'
2024-06-09T15:25:45.952+02:00  INFO 10668 --- [classmate] [http-nio-8080-exec-1] o.s.web.servlet.DispatcherServlet        : Completed initialization in 2 ms
2024-06-09T15:41:07.624+02:00  INFO 10668 --- [classmate] [http-nio-8080-exec-2] c.i.c.controllers.AssessmentController   : Get All endpoint execution time: 90 milliseconds
2024-06-09T15:58:36.237+02:00  INFO 10668 --- [classmate] [http-nio-8080-exec-8] c.i.c.controllers.AssessmentController   : Get All endpoint execution time: 57 milliseconds
2024-06-09T16:24:18.836+02:00  INFO 10668 --- [classmate] [http-nio-8080-exec-10] c.i.c.controllers.AssessmentController   : Get All endpoint execution time: 182 milliseconds
2024-06-09T16:24:49.164+02:00  INFO 10668 --- [classmate] [http-nio-8080-exec-1] c.i.c.controllers.AssessmentController   : Get All endpoint execution time: 38 milliseconds
2024-06-09T16:52:21.980+02:00  INFO 10668 --- [classmate] [http-nio-8080-exec-6] c.i.c.controllers.AssessmentController   : {"message": "All assessments returned for student: "}frodo.baggins1
2024-06-09T16:52:26.791+02:00  INFO 10668 --- [classmate] [http-nio-8080-exec-5] c.i.c.controllers.AssessmentController   : {"message": "All assessments returned for student: "}frodo.baggins1
2024-06-09T17:00:27.907+02:00  INFO 10668 --- [classmate] [http-nio-8080-exec-6] c.i.c.controllers.AssessmentController   : Get All endpoint execution time: 85 milliseconds
2024-06-09T17:02:43.379+02:00  INFO 10668 --- [classmate] [http-nio-8080-exec-10] c.i.c.controllers.AssessmentController   : Get All endpoint execution time: 26 milliseconds
2024-06-09T17:05:51.808+02:00  INFO 10668 --- [classmate] [http-nio-8080-exec-2] c.i.c.controllers.AssessmentController   : Get All endpoint execution time: 39 milliseconds
2024-06-09T17:16:36.121+02:00  INFO 10668 --- [classmate] [http-nio-8080-exec-6] c.i.c.controllers.AssessmentController   : Get All endpoint execution time: 100 milliseconds
2024-06-09T17:16:48.299+02:00  INFO 10668 --- [classmate] [http-nio-8080-exec-7] c.i.c.controllers.AssessmentController   : Get All endpoint execution time: 27 milliseconds
2024-06-09T17:19:00.995+02:00  INFO 10668 --- [classmate] [http-nio-8080-exec-10] c.i.c.controllers.AssessmentController   : Get All endpoint execution time: 29 milliseconds
2024-06-09T17:26:09.480+02:00  INFO 10668 --- [classmate] [http-nio-8080-exec-5] c.i.c.controllers.AssessmentController   : Get All endpoint execution time: 173 milliseconds
2024-06-09T17:26:57.001+02:00  INFO 10668 --- [classmate] [http-nio-8080-exec-4] c.i.c.controllers.AssessmentController   : Get All endpoint execution time: 27 milliseconds
2024-06-09T17:33:28.114+02:00  INFO 10668 --- [classmate] [http-nio-8080-exec-2] c.i.c.controllers.AssessmentController   : Get All endpoint execution time: 41 milliseconds
2024-06-09T17:41:52.845+02:00  INFO 10668 --- [classmate] [http-nio-8080-exec-7] c.i.c.controllers.AssessmentController   : Get All endpoint execution time: 21 milliseconds
2024-06-09T17:41:57.539+02:00  INFO 10668 --- [classmate] [http-nio-8080-exec-9] c.i.c.controllers.AssessmentController   : Get All endpoint execution time: 22 milliseconds
2024-06-09T17:45:48.002+02:00  INFO 10668 --- [classmate] [http-nio-8080-exec-1] c.i.c.controllers.AssessmentController   : Get All endpoint execution time: 24 milliseconds
2024-06-09T17:46:34.549+02:00  INFO 10668 --- [classmate] [http-nio-8080-exec-3] c.i.c.controllers.AssessmentController   : Get All endpoint execution time: 24 milliseconds
2024-06-09T17:48:57.518+02:00  INFO 10668 --- [classmate] [http-nio-8080-exec-4] c.i.c.controllers.AssessmentController   : Get All endpoint execution time: 41 milliseconds
2024-06-09T17:49:31.059+02:00  INFO 10668 --- [classmate] [http-nio-8080-exec-6] c.i.c.controllers.AssessmentController   : Get All endpoint execution time: 23 milliseconds
2024-06-09T17:51:15.419+02:00  INFO 10668 --- [classmate] [RMI TCP Connection(189)-127.0.0.1] inMXBeanRegistrar$SpringApplicationAdmin : Application shutdown requested.
2024-06-09T17:51:15.903+02:00  INFO 10668 --- [classmate] [RMI TCP Connection(189)-127.0.0.1] j.LocalContainerEntityManagerFactoryBean : Closing JPA EntityManagerFactory for persistence unit 'default'
2024-06-09T17:51:15.996+02:00  INFO 10668 --- [classmate] [RMI TCP Connection(189)-127.0.0.1] com.zaxxer.hikari.HikariDataSource       : HikariPool-1 - Shutdown initiated...
2024-06-09T17:51:16.003+02:00  INFO 10668 --- [classmate] [RMI TCP Connection(189)-127.0.0.1] com.zaxxer.hikari.HikariDataSource       : HikariPool-1 - Shutdown completed.
2024-06-09T17:51:25.419+02:00  INFO 11268 --- [classmate] [main] c.i.classmate.ClassmateApplication       : Starting ClassmateApplication using Java 17.0.9 with PID 11268 (C:\Users\ralel\Desktop\bootcamp\5Backend\classmate\target\classes started by Rale in C:\Users\ralel\Desktop\bootcamp\5Backend\classmate)
2024-06-09T17:51:25.423+02:00  INFO 11268 --- [classmate] [main] c.i.classmate.ClassmateApplication       : No active profile set, falling back to 1 default profile: "default"
2024-06-09T17:51:26.645+02:00  INFO 11268 --- [classmate] [main] .s.d.r.c.RepositoryConfigurationDelegate : Bootstrapping Spring Data JPA repositories in DEFAULT mode.
2024-06-09T17:51:26.940+02:00  INFO 11268 --- [classmate] [main] .s.d.r.c.RepositoryConfigurationDelegate : Finished Spring Data repository scanning in 278 ms. Found 13 JPA repository interfaces.
2024-06-09T17:51:28.358+02:00  INFO 11268 --- [classmate] [main] o.s.b.w.embedded.tomcat.TomcatWebServer  : Tomcat initialized with port 8080 (http)
2024-06-09T17:51:28.402+02:00  INFO 11268 --- [classmate] [main] o.apache.catalina.core.StandardService   : Starting service [Tomcat]
2024-06-09T17:51:28.403+02:00  INFO 11268 --- [classmate] [main] o.apache.catalina.core.StandardEngine    : Starting Servlet engine: [Apache Tomcat/10.1.19]
2024-06-09T17:51:28.679+02:00  INFO 11268 --- [classmate] [main] o.a.c.c.C.[Tomcat].[localhost].[/]       : Initializing Spring embedded WebApplicationContext
2024-06-09T17:51:28.681+02:00  INFO 11268 --- [classmate] [main] w.s.c.ServletWebServerApplicationContext : Root WebApplicationContext: initialization completed in 3185 ms
2024-06-09T17:51:28.976+02:00  INFO 11268 --- [classmate] [main] com.zaxxer.hikari.HikariDataSource       : HikariPool-1 - Starting...
2024-06-09T17:51:29.521+02:00  INFO 11268 --- [classmate] [main] com.zaxxer.hikari.pool.HikariPool        : HikariPool-1 - Added connection com.mysql.cj.jdbc.ConnectionImpl@4c7d7430
2024-06-09T17:51:29.525+02:00  INFO 11268 --- [classmate] [main] com.zaxxer.hikari.HikariDataSource       : HikariPool-1 - Start completed.
2024-06-09T17:51:30.702+02:00  INFO 11268 --- [classmate] [main] o.s.o.j.p.SpringPersistenceUnitInfo      : No LoadTimeWeaver setup: ignoring JPA class transformer
2024-06-09T17:51:35.664+02:00  INFO 11268 --- [classmate] [main] j.LocalContainerEntityManagerFactoryBean : Initialized JPA EntityManagerFactory for persistence unit 'default'
2024-06-09T17:51:36.582+02:00  WARN 11268 --- [classmate] [main] JpaBaseConfiguration$JpaWebConfiguration : spring.jpa.open-in-view is enabled by default. Therefore, database queries may be performed during view rendering. Explicitly configure spring.jpa.open-in-view to disable this warning
2024-06-09T17:51:37.320+02:00  INFO 11268 --- [classmate] [main] o.s.b.w.embedded.tomcat.TomcatWebServer  : Tomcat started on port 8080 (http) with context path ''
2024-06-09T17:51:37.336+02:00  INFO 11268 --- [classmate] [main] c.i.classmate.ClassmateApplication       : Started ClassmateApplication in 12.596 seconds (process running for 17.924)
2024-06-09T17:54:09.837+02:00  INFO 11268 --- [classmate] [http-nio-8080-exec-1] o.a.c.c.C.[Tomcat].[localhost].[/]       : Initializing Spring DispatcherServlet 'dispatcherServlet'
2024-06-09T17:54:09.837+02:00  INFO 11268 --- [classmate] [http-nio-8080-exec-1] o.s.web.servlet.DispatcherServlet        : Initializing Servlet 'dispatcherServlet'
2024-06-09T17:54:09.840+02:00  INFO 11268 --- [classmate] [http-nio-8080-exec-1] o.s.web.servlet.DispatcherServlet        : Completed initialization in 2 ms
2024-06-09T18:04:40.962+02:00  INFO 11268 --- [classmate] [http-nio-8080-exec-5] c.i.c.controllers.AssessmentController   : {"message": "All assessments returned for student: "}frodo.baggins1
2024-06-09T18:04:57.522+02:00  INFO 11268 --- [classmate] [http-nio-8080-exec-9] c.i.c.controllers.AssessmentController   : Get All endpoint execution time: 41 milliseconds
2024-06-09T18:08:13.036+02:00  INFO 11268 --- [classmate] [RMI TCP Connection(26)-127.0.0.1] inMXBeanRegistrar$SpringApplicationAdmin : Application shutdown requested.
2024-06-09T18:08:13.067+02:00  INFO 11268 --- [classmate] [RMI TCP Connection(26)-127.0.0.1] j.LocalContainerEntityManagerFactoryBean : Closing JPA EntityManagerFactory for persistence unit 'default'
2024-06-09T18:08:13.070+02:00  INFO 11268 --- [classmate] [RMI TCP Connection(26)-127.0.0.1] com.zaxxer.hikari.HikariDataSource       : HikariPool-1 - Shutdown initiated...
2024-06-09T18:08:13.117+02:00  INFO 11268 --- [classmate] [RMI TCP Connection(26)-127.0.0.1] com.zaxxer.hikari.HikariDataSource       : HikariPool-1 - Shutdown completed.
